<?xml version="1.0" encoding="UTF-8"?>
<!-- Generated by org.testng.reporters.JUnitReportReporter -->
<testsuite name="com.WP.postautomation.Login_TestLink_Integration" tests="1" time="69.241" ignored="0" failures="0" timestamp="30 Jul 2018 12:44:11 GMT" skipped="0" hostname="aVivo" errors="0">
  <testcase name="accessApplicationURL" time="69.241" classname="com.WP.postautomation.Login_TestLink_Integration"/>
</testsuite> <!-- com.WP.postautomation.Login_TestLink_Integration -->
