<?xml version="1.0" encoding="UTF-8"?>
<!-- Generated by org.testng.reporters.JUnitReportReporter -->
<testsuite name="com.WP.postautomation.Login_TEST" tests="1" time="12.785" ignored="0" failures="0" timestamp="29 Jul 2018 16:53:33 GMT" skipped="0" hostname="aVivo" errors="0">
  <testcase name="login" time="12.785" classname="com.WP.postautomation.Login_TEST"/>
</testsuite> <!-- com.WP.postautomation.Login_TEST -->
