<?xml version="1.0" encoding="UTF-8"?>
<!-- Generated by org.testng.reporters.JUnitReportReporter -->
<testsuite name="com.fb.postautomation.Login_TEST" tests="1" time="11.769" ignored="0" failures="0" timestamp="27 Jul 2018 14:19:05 GMT" skipped="0" hostname="aVivo" errors="0">
  <testcase name="login" time="11.769" classname="com.fb.postautomation.Login_TEST"/>
</testsuite> <!-- com.fb.postautomation.Login_TEST -->
